build/app/intermediates/manifest_merge_blame_file/debug/manifest-merger-blame-debug-report.txt
1<?xml version="1.0" encoding="utf-8"?>
2<manifest xmlns:android="http://schemas.android.com/apk/res/android"
3    package="com.example.well_done"
4    android:versionCode="1"
5    android:versionName="1.0.0" >
6
7    <uses-sdk
8        android:minSdkVersion="21"
9        android:targetSdkVersion="33" />
10    <!--
11         The INTERNET permission is required for development. Specifically,
12         the Flutter tool needs it to communicate with the running application
13         to allow setting breakpoints, to provide hot reload, etc.
14    -->
15    <uses-permission android:name="android.permission.INTERNET" />
15-->src\main\AndroidManifest.xml:7:5-67
15-->src\main\AndroidManifest.xml:7:22-64
16    <uses-permission android:name="android.permission.SCHEDULE_EXACT_ALARM" />
16-->src\main\AndroidManifest.xml:3:5-78
16-->src\main\AndroidManifest.xml:3:22-76
17    <uses-permission android:name="android.permission.ACCESS_NOTIFICATION_POLICY" />
17-->src\main\AndroidManifest.xml:4:5-84
17-->src\main\AndroidManifest.xml:4:22-82
18    <uses-permission android:name="android.permission.POST_NOTIFICATIONS" />
18-->src\main\AndroidManifest.xml:5:5-77
18-->src\main\AndroidManifest.xml:5:22-74
19    <uses-permission android:name="android.permission.FOREGROUND_SERVICE" />
19-->src\main\AndroidManifest.xml:6:5-77
19-->src\main\AndroidManifest.xml:6:22-74
20    <uses-permission android:name="android.permission.READ_EXTERNAL_STORAGE" />
20-->src\main\AndroidManifest.xml:8:5-80
20-->src\main\AndroidManifest.xml:8:22-77
21    <uses-permission android:name="android.permission.VIBRATE" />
21-->src\main\AndroidManifest.xml:9:5-66
21-->src\main\AndroidManifest.xml:9:22-63
22    <uses-permission android:name="android.permission.RECEIVE_BOOT_COMPLETED" />
22-->src\main\AndroidManifest.xml:10:5-80
22-->src\main\AndroidManifest.xml:10:22-78
23    <uses-permission android:name="android.permission.POST_NOTIFICATIONS" />
23-->src\main\AndroidManifest.xml:5:5-77
23-->src\main\AndroidManifest.xml:5:22-74
24    <uses-permission android:name="android.permission.WAKE_LOCK" />
24-->src\main\AndroidManifest.xml:12:5-68
24-->src\main\AndroidManifest.xml:12:22-65
25    <uses-permission android:name="android.permission.WAKE_LOCK" />
25-->src\main\AndroidManifest.xml:12:5-68
25-->src\main\AndroidManifest.xml:12:22-65
26    <uses-permission android:name="android.permission.BROADCAST_CLOSE_SYSTEM_DIALOGS" />
26-->[:awesome_notifications] AndroidManifest.xml:10:5-89
26-->[:awesome_notifications] AndroidManifest.xml:10:22-86
27    <uses-permission android:name="android.permission.USE_FULL_SCREEN_INTENT" /> <!-- for android -->
27-->[:flutter_local_notifications] AndroidManifest.xml:11:5-81
27-->[:flutter_local_notifications] AndroidManifest.xml:11:22-78
28    <!-- <uses-permission android:name="com.android.launcher.permission.READ_SETTINGS"/> -->
29    <!-- <uses-permission android:name="com.android.launcher.permission.WRITE_SETTINGS"/> -->
30    <!-- <uses-permission android:name="com.android.launcher.permission.INSTALL_SHORTCUT" /> -->
31    <!-- <uses-permission android:name="com.android.launcher.permission.UNINSTALL_SHORTCUT" /> -->
32    <!-- for Samsung -->
33    <uses-permission android:name="com.sec.android.provider.badge.permission.READ" />
33-->[me.leolin:ShortcutBadger:1.1.22] AndroidManifest.xml:19:5-86
33-->[me.leolin:ShortcutBadger:1.1.22] AndroidManifest.xml:19:22-83
34    <uses-permission android:name="com.sec.android.provider.badge.permission.WRITE" /> <!-- for htc -->
34-->[me.leolin:ShortcutBadger:1.1.22] AndroidManifest.xml:20:5-87
34-->[me.leolin:ShortcutBadger:1.1.22] AndroidManifest.xml:20:22-84
35    <uses-permission android:name="com.htc.launcher.permission.READ_SETTINGS" />
35-->[me.leolin:ShortcutBadger:1.1.22] AndroidManifest.xml:23:5-81
35-->[me.leolin:ShortcutBadger:1.1.22] AndroidManifest.xml:23:22-78
36    <uses-permission android:name="com.htc.launcher.permission.UPDATE_SHORTCUT" /> <!-- for sony -->
36-->[me.leolin:ShortcutBadger:1.1.22] AndroidManifest.xml:24:5-83
36-->[me.leolin:ShortcutBadger:1.1.22] AndroidManifest.xml:24:22-80
37    <uses-permission android:name="com.sonyericsson.home.permission.BROADCAST_BADGE" />
37-->[me.leolin:ShortcutBadger:1.1.22] AndroidManifest.xml:27:5-88
37-->[me.leolin:ShortcutBadger:1.1.22] AndroidManifest.xml:27:22-85
38    <uses-permission android:name="com.sonymobile.home.permission.PROVIDER_INSERT_BADGE" /> <!-- for apex -->
38-->[me.leolin:ShortcutBadger:1.1.22] AndroidManifest.xml:28:5-92
38-->[me.leolin:ShortcutBadger:1.1.22] AndroidManifest.xml:28:22-89
39    <uses-permission android:name="com.anddoes.launcher.permission.UPDATE_COUNT" /> <!-- for solid -->
39-->[me.leolin:ShortcutBadger:1.1.22] AndroidManifest.xml:31:5-84
39-->[me.leolin:ShortcutBadger:1.1.22] AndroidManifest.xml:31:22-81
40    <uses-permission android:name="com.majeur.launcher.permission.UPDATE_BADGE" /> <!-- for huawei -->
40-->[me.leolin:ShortcutBadger:1.1.22] AndroidManifest.xml:34:5-83
40-->[me.leolin:ShortcutBadger:1.1.22] AndroidManifest.xml:34:22-80
41    <uses-permission android:name="com.huawei.android.launcher.permission.CHANGE_BADGE" />
41-->[me.leolin:ShortcutBadger:1.1.22] AndroidManifest.xml:37:5-91
41-->[me.leolin:ShortcutBadger:1.1.22] AndroidManifest.xml:37:22-88
42    <uses-permission android:name="com.huawei.android.launcher.permission.READ_SETTINGS" />
42-->[me.leolin:ShortcutBadger:1.1.22] AndroidManifest.xml:38:5-92
42-->[me.leolin:ShortcutBadger:1.1.22] AndroidManifest.xml:38:22-89
43    <uses-permission android:name="com.huawei.android.launcher.permission.WRITE_SETTINGS" /> <!-- for ZUK -->
43-->[me.leolin:ShortcutBadger:1.1.22] AndroidManifest.xml:39:5-93
43-->[me.leolin:ShortcutBadger:1.1.22] AndroidManifest.xml:39:22-90
44    <uses-permission android:name="android.permission.READ_APP_BADGE" /> <!-- for OPPO -->
44-->[me.leolin:ShortcutBadger:1.1.22] AndroidManifest.xml:42:5-73
44-->[me.leolin:ShortcutBadger:1.1.22] AndroidManifest.xml:42:22-70
45    <uses-permission android:name="com.oppo.launcher.permission.READ_SETTINGS" />
45-->[me.leolin:ShortcutBadger:1.1.22] AndroidManifest.xml:45:5-82
45-->[me.leolin:ShortcutBadger:1.1.22] AndroidManifest.xml:45:22-79
46    <uses-permission android:name="com.oppo.launcher.permission.WRITE_SETTINGS" /> <!-- for EvMe -->
46-->[me.leolin:ShortcutBadger:1.1.22] AndroidManifest.xml:46:5-83
46-->[me.leolin:ShortcutBadger:1.1.22] AndroidManifest.xml:46:22-80
47    <uses-permission android:name="me.everything.badger.permission.BADGE_COUNT_READ" />
47-->[me.leolin:ShortcutBadger:1.1.22] AndroidManifest.xml:49:5-88
47-->[me.leolin:ShortcutBadger:1.1.22] AndroidManifest.xml:49:22-85
48    <uses-permission android:name="me.everything.badger.permission.BADGE_COUNT_WRITE" />
48-->[me.leolin:ShortcutBadger:1.1.22] AndroidManifest.xml:50:5-89
48-->[me.leolin:ShortcutBadger:1.1.22] AndroidManifest.xml:50:22-86
49
50    <application
51        android:name="android.app.Application"
52        android:appComponentFactory="androidx.core.app.CoreComponentFactory"
52-->[androidx.core:core:1.8.0] AndroidManifest.xml:24:18-86
53        android:debuggable="true"
54        android:icon="@mipmap/ic_launcher"
55        android:label="well_done" >
56        <activity
57            android:name="com.example.well_done.MainActivity"
58            android:configChanges="orientation|keyboardHidden|keyboard|screenSize|smallestScreenSize|locale|layoutDirection|fontScale|screenLayout|density|uiMode"
59            android:exported="true"
60            android:hardwareAccelerated="true"
61            android:launchMode="singleTop"
62            android:theme="@style/LaunchTheme"
63            android:windowSoftInputMode="adjustResize" >
64
65            <!--
66                 Specifies an Android theme to apply to this Activity as soon as
67                 the Android process has started. This theme is visible to the user
68                 while the Flutter UI initializes. After that, this theme continues
69                 to determine the Window background behind the Flutter UI.
70            -->
71            <meta-data
72                android:name="io.flutter.embedding.android.NormalTheme"
73                android:resource="@style/NormalTheme" />
74
75            <intent-filter>
76                <action android:name="android.intent.action.MAIN" />
77
78                <category android:name="android.intent.category.LAUNCHER" />
79            </intent-filter>
80        </activity>
81        <!--
82             Don't delete the meta-data below.
83             This is used by the Flutter tool to generate GeneratedPluginRegistrant.java
84        -->
85        <meta-data
86            android:name="flutterEmbedding"
87            android:value="2" />
88
89        <receiver
89-->[:awesome_notifications] AndroidManifest.xml:15:9-17:39
90            android:name="me.carda.awesome_notifications.DartNotificationActionReceiver"
90-->[:awesome_notifications] AndroidManifest.xml:16:13-89
91            android:exported="true" />
91-->[:awesome_notifications] AndroidManifest.xml:17:13-36
92        <receiver
92-->[:awesome_notifications] AndroidManifest.xml:18:9-20:39
93            android:name="me.carda.awesome_notifications.DartDismissedNotificationReceiver"
93-->[:awesome_notifications] AndroidManifest.xml:19:13-92
94            android:exported="true" />
94-->[:awesome_notifications] AndroidManifest.xml:20:13-36
95        <receiver
95-->[:awesome_notifications] AndroidManifest.xml:21:9-23:39
96            android:name="me.carda.awesome_notifications.DartScheduledNotificationReceiver"
96-->[:awesome_notifications] AndroidManifest.xml:22:13-92
97            android:exported="true" />
97-->[:awesome_notifications] AndroidManifest.xml:23:13-36
98        <receiver
98-->[:awesome_notifications] AndroidManifest.xml:24:9-38:20
99            android:name="me.carda.awesome_notifications.DartRefreshSchedulesReceiver"
99-->[:awesome_notifications] AndroidManifest.xml:25:13-87
100            android:enabled="true"
100-->[:awesome_notifications] AndroidManifest.xml:26:13-35
101            android:exported="true" >
101-->[:awesome_notifications] AndroidManifest.xml:27:13-36
102            <intent-filter>
102-->[:awesome_notifications] AndroidManifest.xml:28:13-37:29
103                <category android:name="android.intent.category.DEFAULT" />
103-->[:awesome_notifications] AndroidManifest.xml:29:17-76
103-->[:awesome_notifications] AndroidManifest.xml:29:27-73
104
105                <action android:name="android.intent.action.BOOT_COMPLETED" />
105-->[:awesome_notifications] AndroidManifest.xml:31:17-79
105-->[:awesome_notifications] AndroidManifest.xml:31:25-76
106                <action android:name="android.intent.action.LOCKED_BOOT_COMPLETED" />
106-->[:awesome_notifications] AndroidManifest.xml:32:17-86
106-->[:awesome_notifications] AndroidManifest.xml:32:25-83
107                <action android:name="android.intent.action.MY_PACKAGE_REPLACED" />
107-->[:awesome_notifications] AndroidManifest.xml:33:17-84
107-->[:awesome_notifications] AndroidManifest.xml:33:25-81
108                <action android:name="android.intent.action.QUICKBOOT_POWERON" />
108-->[:awesome_notifications] AndroidManifest.xml:34:17-82
108-->[:awesome_notifications] AndroidManifest.xml:34:25-79
109                <action android:name="com.htc.intent.action.QUICKBOOT_POWERON" />
109-->[:awesome_notifications] AndroidManifest.xml:35:17-82
109-->[:awesome_notifications] AndroidManifest.xml:35:25-79
110                <action android:name="android.app.action.SCHEDULE_EXACT_ALARM_PERMISSION_STATE_CHANGED" />
110-->[:awesome_notifications] AndroidManifest.xml:36:17-107
110-->[:awesome_notifications] AndroidManifest.xml:36:25-104
111            </intent-filter>
112        </receiver>
113
114        <service
114-->[:awesome_notifications] AndroidManifest.xml:40:9-43:72
115            android:name="me.carda.awesome_notifications.DartBackgroundService"
115-->[:awesome_notifications] AndroidManifest.xml:41:13-80
116            android:exported="false"
116-->[:awesome_notifications] AndroidManifest.xml:42:13-37
117            android:permission="android.permission.BIND_JOB_SERVICE" />
117-->[:awesome_notifications] AndroidManifest.xml:43:13-69
118        <service
118-->[:awesome_notifications] AndroidManifest.xml:44:9-49:43
119            android:name="me.carda.awesome_notifications.core.services.ForegroundService"
119-->[:awesome_notifications] AndroidManifest.xml:45:13-90
120            android:enabled="true"
120-->[:awesome_notifications] AndroidManifest.xml:46:13-35
121            android:exported="false"
121-->[:awesome_notifications] AndroidManifest.xml:47:13-37
122            android:foregroundServiceType="phoneCall"
122-->[:awesome_notifications] AndroidManifest.xml:48:13-54
123            android:stopWithTask="true" />
123-->[:awesome_notifications] AndroidManifest.xml:49:13-40
124
125        <receiver
125-->[:flutter_local_notifications] AndroidManifest.xml:16:9-18:40
126            android:name="com.dexterous.flutterlocalnotifications.ActionBroadcastReceiver"
126-->[:flutter_local_notifications] AndroidManifest.xml:17:13-91
127            android:exported="false" />
127-->[:flutter_local_notifications] AndroidManifest.xml:18:13-37
128        <receiver
128-->[:flutter_local_notifications] AndroidManifest.xml:19:9-21:40
129            android:name="com.dexterous.flutterlocalnotifications.ScheduledNotificationReceiver"
129-->[:flutter_local_notifications] AndroidManifest.xml:20:13-97
130            android:exported="false" />
130-->[:flutter_local_notifications] AndroidManifest.xml:21:13-37
131        <receiver
131-->[:flutter_local_notifications] AndroidManifest.xml:22:9-31:20
132            android:name="com.dexterous.flutterlocalnotifications.ScheduledNotificationBootReceiver"
132-->[:flutter_local_notifications] AndroidManifest.xml:23:13-101
133            android:exported="false" >
133-->[:flutter_local_notifications] AndroidManifest.xml:24:13-37
134            <intent-filter>
134-->[:flutter_local_notifications] AndroidManifest.xml:25:13-30:29
135                <action android:name="android.intent.action.BOOT_COMPLETED" />
135-->[:awesome_notifications] AndroidManifest.xml:31:17-79
135-->[:awesome_notifications] AndroidManifest.xml:31:25-76
136                <action android:name="android.intent.action.MY_PACKAGE_REPLACED" />
136-->[:awesome_notifications] AndroidManifest.xml:33:17-84
136-->[:awesome_notifications] AndroidManifest.xml:33:25-81
137                <action android:name="android.intent.action.QUICKBOOT_POWERON" />
137-->[:awesome_notifications] AndroidManifest.xml:34:17-82
137-->[:awesome_notifications] AndroidManifest.xml:34:25-79
138                <action android:name="com.htc.intent.action.QUICKBOOT_POWERON" />
138-->[:awesome_notifications] AndroidManifest.xml:35:17-82
138-->[:awesome_notifications] AndroidManifest.xml:35:25-79
139            </intent-filter>
140        </receiver>
141
142        <uses-library
142-->[androidx.window:window:1.0.0-beta04] AndroidManifest.xml:25:9-27:40
143            android:name="androidx.window.extensions"
143-->[androidx.window:window:1.0.0-beta04] AndroidManifest.xml:26:13-54
144            android:required="false" />
144-->[androidx.window:window:1.0.0-beta04] AndroidManifest.xml:27:13-37
145        <uses-library
145-->[androidx.window:window:1.0.0-beta04] AndroidManifest.xml:28:9-30:40
146            android:name="androidx.window.sidecar"
146-->[androidx.window:window:1.0.0-beta04] AndroidManifest.xml:29:13-51
147            android:required="false" />
147-->[androidx.window:window:1.0.0-beta04] AndroidManifest.xml:30:13-37
148
149        <provider
149-->[androidx.emoji2:emoji2:1.2.0] AndroidManifest.xml:24:9-32:20
150            android:name="androidx.startup.InitializationProvider"
150-->[androidx.emoji2:emoji2:1.2.0] AndroidManifest.xml:25:13-67
151            android:authorities="com.example.well_done.androidx-startup"
151-->[androidx.emoji2:emoji2:1.2.0] AndroidManifest.xml:26:13-68
152            android:exported="false" >
152-->[androidx.emoji2:emoji2:1.2.0] AndroidManifest.xml:27:13-37
153            <meta-data
153-->[androidx.emoji2:emoji2:1.2.0] AndroidManifest.xml:29:13-31:52
154                android:name="androidx.emoji2.text.EmojiCompatInitializer"
154-->[androidx.emoji2:emoji2:1.2.0] AndroidManifest.xml:30:17-75
155                android:value="androidx.startup" />
155-->[androidx.emoji2:emoji2:1.2.0] AndroidManifest.xml:31:17-49
156            <meta-data
156-->[androidx.lifecycle:lifecycle-process:2.5.1] AndroidManifest.xml:31:13-33:52
157                android:name="androidx.lifecycle.ProcessLifecycleInitializer"
157-->[androidx.lifecycle:lifecycle-process:2.5.1] AndroidManifest.xml:32:17-78
158                android:value="androidx.startup" />
158-->[androidx.lifecycle:lifecycle-process:2.5.1] AndroidManifest.xml:33:17-49
159        </provider>
160    </application>
161
162</manifest>